# JRE version: OpenJDK Runtime Environment Microsoft-7208460 (11.0.18+10) (build 11.0.18+10-LTS)
# Java VM: OpenJDK 64-Bit Server VM Microsoft-7208460 (11.0.18+10-LTS, mixed mode, tiered, compressed oops, g1 gc, windows-amd64)
Heap:
 garbage-first heap   total 258048K, used 217510K [0x0000000080000000, 0x0000000100000000)
  region size 1024K, 3 young (3072K), 2 survivors (2048K)
 Metaspace       used 146710K, capacity 151650K, committed 151944K, reserved 649216K
  class space    used 18462K, capacity 20299K, committed 20352K, reserved 516096K
GC Heap History (20 events):
Event: 114.989 GC heap before
{Heap before GC invocations=44 (full 0):
 garbage-first heap   total 258048K, used 223881K [0x0000000080000000, 0x0000000100000000)
  region size 1024K, 21 young (21504K), 2 survivors (2048K)
 Metaspace       used 145648K, capacity 150527K, committed 150664K, reserved 647168K
  class space    used 18388K, capacity 20248K, committed 20352K, reserved 516096K
}
Event: 114.993 GC heap after
{Heap after GC invocations=45 (full 0):
 garbage-first heap   total 258048K, used 205084K [0x0000000080000000, 0x0000000100000000)
  region size 1024K, 2 young (2048K), 2 survivors (2048K)
 Metaspace       used 145648K, capacity 150527K, committed 150664K, reserved 647168K
  class space    used 18388K, capacity 20248K, committed 20352K, reserved 516096K
}
Event: 115.212 GC heap before
{Heap before GC invocations=45 (full 0):
 garbage-first heap   total 258048K, used 224540K [0x0000000080000000, 0x0000000100000000)
  region size 1024K, 21 young (21504K), 2 survivors (2048K)
 Metaspace       used 145765K, capacity 150664K, committed 150920K, reserved 647168K
  class space    used 18393K, capacity 20251K, committed 20352K, reserved 516096K
}
Event: 115.217 GC heap after
{Heap after GC invocations=46 (full 0):
 garbage-first heap   total 258048K, used 205684K [0x0000000080000000, 0x0000000100000000)
  region size 1024K, 2 young (2048K), 2 survivors (2048K)
 Metaspace       used 145765K, capacity 150664K, committed 150920K, reserved 647168K
  class space    used 18393K, capacity 20251K, committed 20352K, reserved 516096K
}
Event: 115.406 GC heap before
{Heap before GC invocations=46 (full 0):
 garbage-first heap   total 258048K, used 225140K [0x0000000080000000, 0x0000000100000000)
  region size 1024K, 21 young (21504K), 2 survivors (2048K)
 Metaspace       used 145787K, capacity 150665K, committed 150920K, reserved 647168K
  class space    used 18393K, capacity 20251K, committed 20352K, reserved 516096K
}
Event: 115.414 GC heap after
{Heap after GC invocations=47 (full 0):
 garbage-first heap   total 258048K, used 206734K [0x0000000080000000, 0x0000000100000000)
  region size 1024K, 3 young (3072K), 3 survivors (3072K)
 Metaspace       used 145787K, capacity 150665K, committed 150920K, reserved 647168K
  class space    used 18393K, capacity 20251K, committed 20352K, reserved 516096K
}
Event: 115.592 GC heap before
{Heap before GC invocations=47 (full 0):
 garbage-first heap   total 258048K, used 225166K [0x0000000080000000, 0x0000000100000000)
  region size 1024K, 21 young (21504K), 3 survivors (3072K)
 Metaspace       used 145832K, capacity 150729K, committed 150920K, reserved 647168K
  class space    used 18393K, capacity 20251K, committed 20352K, reserved 516096K
}
Event: 115.597 GC heap after
{Heap after GC invocations=48 (full 0):
 garbage-first heap   total 258048K, used 207760K [0x0000000080000000, 0x0000000100000000)
  region size 1024K, 3 young (3072K), 3 survivors (3072K)
 Metaspace       used 145832K, capacity 150729K, committed 150920K, reserved 647168K
  class space    used 18393K, capacity 20251K, committed 20352K, reserved 516096K
}
Event: 115.841 GC heap before
{Heap before GC invocations=48 (full 0):
 garbage-first heap   total 258048K, used 226192K [0x0000000080000000, 0x0000000100000000)
  region size 1024K, 21 young (21504K), 3 survivors (3072K)
 Metaspace       used 145892K, capacity 150793K, committed 150920K, reserved 647168K
  class space    used 18393K, capacity 20251K, committed 20352K, reserved 516096K
}
Event: 115.845 GC heap after
{Heap after GC invocations=49 (full 0):
 garbage-first heap   total 258048K, used 207713K [0x0000000080000000, 0x0000000100000000)
  region size 1024K, 2 young (2048K), 2 survivors (2048K)
 Metaspace       used 145892K, capacity 150793K, committed 150920K, reserved 647168K
  class space    used 18393K, capacity 20251K, committed 20352K, reserved 516096K
}
Event: 116.178 GC heap before
{Heap before GC invocations=49 (full 0):
 garbage-first heap   total 258048K, used 226145K [0x0000000080000000, 0x0000000100000000)
  region size 1024K, 20 young (20480K), 2 survivors (2048K)
 Metaspace       used 146062K, capacity 150990K, committed 151176K, reserved 647168K
  class space    used 18396K, capacity 20251K, committed 20352K, reserved 516096K
}
Event: 116.182 GC heap after
{Heap after GC invocations=50 (full 0):
 garbage-first heap   total 258048K, used 208488K [0x0000000080000000, 0x0000000100000000)
  region size 1024K, 2 young (2048K), 2 survivors (2048K)
 Metaspace       used 146062K, capacity 150990K, committed 151176K, reserved 647168K
  class space    used 18396K, capacity 20251K, committed 20352K, reserved 516096K
}
Event: 116.461 GC heap before
{Heap before GC invocations=50 (full 0):
 garbage-first heap   total 258048K, used 226920K [0x0000000080000000, 0x0000000100000000)
  region size 1024K, 20 young (20480K), 2 survivors (2048K)
 Metaspace       used 146140K, capacity 151058K, committed 151176K, reserved 647168K
  class space    used 18396K, capacity 20251K, committed 20352K, reserved 516096K
}
Event: 116.466 GC heap after
{Heap after GC invocations=51 (full 0):
 garbage-first heap   total 258048K, used 209127K [0x0000000080000000, 0x0000000100000000)
  region size 1024K, 2 young (2048K), 2 survivors (2048K)
 Metaspace       used 146140K, capacity 151058K, committed 151176K, reserved 647168K
  class space    used 18396K, capacity 20251K, committed 20352K, reserved 516096K
}
Event: 116.776 GC heap before
{Heap before GC invocations=51 (full 0):
 garbage-first heap   total 258048K, used 225511K [0x0000000080000000, 0x0000000100000000)
  region size 1024K, 19 young (19456K), 2 survivors (2048K)
 Metaspace       used 146558K, capacity 151425K, committed 151688K, reserved 649216K
  class space    used 18442K, capacity 20288K, committed 20352K, reserved 516096K
}
Event: 116.782 GC heap after
{Heap after GC invocations=52 (full 0):
 garbage-first heap   total 258048K, used 211426K [0x0000000080000000, 0x0000000100000000)
  region size 1024K, 3 young (3072K), 3 survivors (3072K)
 Metaspace       used 146558K, capacity 151425K, committed 151688K, reserved 649216K
  class space    used 18442K, capacity 20288K, committed 20352K, reserved 516096K
}
Event: 116.867 GC heap before
{Heap before GC invocations=52 (full 0):
 garbage-first heap   total 258048K, used 225762K [0x0000000080000000, 0x0000000100000000)
  region size 1024K, 18 young (18432K), 3 survivors (3072K)
 Metaspace       used 146571K, capacity 151425K, committed 151688K, reserved 649216K
  class space    used 18442K, capacity 20288K, committed 20352K, reserved 516096K
}
Event: 116.876 GC heap after
{Heap after GC invocations=53 (full 0):
 garbage-first heap   total 258048K, used 215685K [0x0000000080000000, 0x0000000100000000)
  region size 1024K, 3 young (3072K), 3 survivors (3072K)
 Metaspace       used 146571K, capacity 151425K, committed 151688K, reserved 649216K
  class space    used 18442K, capacity 20288K, committed 20352K, reserved 516096K
}
Event: 117.015 GC heap before
{Heap before GC invocations=53 (full 0):
 garbage-first heap   total 258048K, used 225925K [0x0000000080000000, 0x0000000100000000)
  region size 1024K, 13 young (13312K), 3 survivors (3072K)
 Metaspace       used 146704K, capacity 151586K, committed 151688K, reserved 649216K
  class space    used 18461K, capacity 20299K, committed 20352K, reserved 516096K
}
Event: 117.020 GC heap after
{Heap after GC invocations=54 (full 0):
 garbage-first heap   total 258048K, used 217510K [0x0000000080000000, 0x0000000100000000)
  region size 1024K, 2 young (2048K), 2 survivors (2048K)
 Metaspace       used 146704K, capacity 151586K, committed 151688K, reserved 649216K
  class space    used 18461K, capacity 20299K, committed 20352K, reserved 516096K
}

