# JRE version: OpenJDK Runtime Environment Microsoft-7208460 (11.0.18+10) (build 11.0.18+10-LTS)
# Java VM: OpenJDK 64-Bit Server VM Microsoft-7208460 (11.0.18+10-LTS, mixed mode, tiered, compressed oops, g1 gc, windows-amd64)
Heap:
 garbage-first heap   total 334848K, used 84367K [0x0000000705800000, 0x0000000800000000)
  region size 1024K, 53 young (54272K), 15 survivors (15360K)
 Metaspace       used 65738K, capacity 66591K, committed 66760K, reserved 1107968K
  class space    used 7446K, capacity 7800K, committed 7884K, reserved 1048576K
GC Heap History (14 events):
Event: 1.553 GC heap before
{Heap before GC invocations=0 (full 0):
 garbage-first heap   total 258048K, used 27648K [0x0000000705800000, 0x0000000800000000)
  region size 1024K, 24 young (24576K), 0 survivors (0K)
 Metaspace       used 12385K, capacity 12504K, committed 12800K, reserved 1060864K
  class space    used 1150K, capacity 1207K, committed 1280K, reserved 1048576K
}
Event: 1.611 GC heap after
{Heap after GC invocations=1 (full 0):
 garbage-first heap   total 258048K, used 5838K [0x0000000705800000, 0x0000000800000000)
  region size 1024K, 3 young (3072K), 3 survivors (3072K)
 Metaspace       used 12385K, capacity 12504K, committed 12800K, reserved 1060864K
  class space    used 1150K, capacity 1207K, committed 1280K, reserved 1048576K
}
Event: 3.051 GC heap before
{Heap before GC invocations=1 (full 0):
 garbage-first heap   total 258048K, used 41678K [0x0000000705800000, 0x0000000800000000)
  region size 1024K, 39 young (39936K), 3 survivors (3072K)
 Metaspace       used 20941K, capacity 21182K, committed 21248K, reserved 1069056K
  class space    used 2215K, capacity 2280K, committed 2304K, reserved 1048576K
}
Event: 3.067 GC heap after
{Heap after GC invocations=2 (full 0):
 garbage-first heap   total 258048K, used 9273K [0x0000000705800000, 0x0000000800000000)
  region size 1024K, 7 young (7168K), 7 survivors (7168K)
 Metaspace       used 20941K, capacity 21182K, committed 21248K, reserved 1069056K
  class space    used 2215K, capacity 2280K, committed 2304K, reserved 1048576K
}
Event: 5.730 GC heap before
{Heap before GC invocations=3 (full 0):
 garbage-first heap   total 258048K, used 65593K [0x0000000705800000, 0x0000000800000000)
  region size 1024K, 57 young (58368K), 7 survivors (7168K)
 Metaspace       used 33072K, capacity 33497K, committed 33788K, reserved 1079296K
  class space    used 4113K, capacity 4310K, committed 4352K, reserved 1048576K
}
Event: 5.758 GC heap after
{Heap after GC invocations=4 (full 0):
 garbage-first heap   total 258048K, used 20441K [0x0000000705800000, 0x0000000800000000)
  region size 1024K, 8 young (8192K), 8 survivors (8192K)
 Metaspace       used 33072K, capacity 33497K, committed 33788K, reserved 1079296K
  class space    used 4113K, capacity 4310K, committed 4352K, reserved 1048576K
}
Event: 6.653 GC heap before
{Heap before GC invocations=5 (full 0):
 garbage-first heap   total 258048K, used 41945K [0x0000000705800000, 0x0000000800000000)
  region size 1024K, 29 young (29696K), 8 survivors (8192K)
 Metaspace       used 37177K, capacity 37660K, committed 37756K, reserved 1083392K
  class space    used 4558K, capacity 4736K, committed 4736K, reserved 1048576K
}
Event: 6.664 GC heap after
{Heap after GC invocations=6 (full 0):
 garbage-first heap   total 258048K, used 21329K [0x0000000705800000, 0x0000000800000000)
  region size 1024K, 3 young (3072K), 3 survivors (3072K)
 Metaspace       used 37177K, capacity 37660K, committed 37756K, reserved 1083392K
  class space    used 4558K, capacity 4736K, committed 4736K, reserved 1048576K
}
Event: 10.497 GC heap before
{Heap before GC invocations=6 (full 0):
 garbage-first heap   total 258048K, used 104273K [0x0000000705800000, 0x0000000800000000)
  region size 1024K, 81 young (82944K), 3 survivors (3072K)
 Metaspace       used 53122K, capacity 53803K, committed 54012K, reserved 1097728K
  class space    used 6335K, capacity 6612K, committed 6656K, reserved 1048576K
}
Event: 10.514 GC heap after
{Heap after GC invocations=7 (full 0):
 garbage-first heap   total 258048K, used 29866K [0x0000000705800000, 0x0000000800000000)
  region size 1024K, 10 young (10240K), 10 survivors (10240K)
 Metaspace       used 53122K, capacity 53803K, committed 54012K, reserved 1097728K
  class space    used 6335K, capacity 6612K, committed 6656K, reserved 1048576K
}
Event: 11.692 GC heap before
{Heap before GC invocations=7 (full 0):
 garbage-first heap   total 258048K, used 54442K [0x0000000705800000, 0x0000000800000000)
  region size 1024K, 35 young (35840K), 10 survivors (10240K)
 Metaspace       used 55588K, capacity 56298K, committed 56316K, reserved 1099776K
  class space    used 6608K, capacity 6909K, committed 6912K, reserved 1048576K
}
Event: 11.727 GC heap after
{Heap after GC invocations=8 (full 0):
 garbage-first heap   total 258048K, used 32767K [0x0000000705800000, 0x0000000800000000)
  region size 1024K, 10 young (10240K), 10 survivors (10240K)
 Metaspace       used 55588K, capacity 56298K, committed 56316K, reserved 1099776K
  class space    used 6608K, capacity 6909K, committed 6912K, reserved 1048576K
}
Event: 16.701 GC heap before
{Heap before GC invocations=9 (full 0):
 garbage-first heap   total 258048K, used 139263K [0x0000000705800000, 0x0000000800000000)
  region size 1024K, 114 young (116736K), 10 survivors (10240K)
 Metaspace       used 62180K, capacity 63011K, committed 63176K, reserved 1105920K
  class space    used 7220K, capacity 7579K, committed 7628K, reserved 1048576K
}
Event: 16.725 GC heap after
{Heap after GC invocations=10 (full 0):
 garbage-first heap   total 334848K, used 46479K [0x0000000705800000, 0x0000000800000000)
  region size 1024K, 15 young (15360K), 15 survivors (15360K)
 Metaspace       used 62180K, capacity 63011K, committed 63176K, reserved 1105920K
  class space    used 7220K, capacity 7579K, committed 7628K, reserved 1048576K
}

