# JRE version: OpenJDK Runtime Environment Microsoft-7208460 (11.0.18+10) (build 11.0.18+10-LTS)
# Java VM: OpenJDK 64-Bit Server VM Microsoft-7208460 (11.0.18+10-LTS, mixed mode, tiered, compressed oops, g1 gc, windows-amd64)
Heap:
 garbage-first heap   total 372736K, used 251593K [0x0000000080000000, 0x0000000100000000)
  region size 1024K, 3 young (3072K), 3 survivors (3072K)
 Metaspace       used 181909K, capacity 187733K, committed 188080K, reserved 679936K
  class space    used 22366K, capacity 24573K, committed 24672K, reserved 516096K
GC Heap History (20 events):
Event: 179.024 GC heap after
{Heap after GC invocations=121 (full 0):
 garbage-first heap   total 310272K, used 234100K [0x0000000080000000, 0x0000000100000000)
  region size 1024K, 5 young (5120K), 5 survivors (5120K)
 Metaspace       used 175077K, capacity 180564K, committed 180784K, reserved 673792K
  class space    used 21579K, capacity 23666K, committed 23776K, reserved 516096K
}
Event: 179.492 GC heap before
{Heap before GC invocations=122 (full 0):
 garbage-first heap   total 310272K, used 264820K [0x0000000080000000, 0x0000000100000000)
  region size 1024K, 35 young (35840K), 5 survivors (5120K)
 Metaspace       used 177539K, capacity 183259K, committed 183472K, reserved 675840K
  class space    used 21948K, capacity 24117K, committed 24160K, reserved 516096K
}
Event: 179.504 GC heap after
{Heap after GC invocations=123 (full 0):
 garbage-first heap   total 310272K, used 238847K [0x0000000080000000, 0x0000000100000000)
  region size 1024K, 5 young (5120K), 5 survivors (5120K)
 Metaspace       used 177539K, capacity 183259K, committed 183472K, reserved 675840K
  class space    used 21948K, capacity 24117K, committed 24160K, reserved 516096K
}
Event: 179.634 GC heap before
{Heap before GC invocations=123 (full 0):
 garbage-first heap   total 310272K, used 249087K [0x0000000080000000, 0x0000000100000000)
  region size 1024K, 15 young (15360K), 5 survivors (5120K)
 Metaspace       used 178074K, capacity 183782K, committed 184112K, reserved 677888K
  class space    used 22031K, capacity 24198K, committed 24288K, reserved 516096K
}
Event: 179.647 GC heap after
{Heap after GC invocations=124 (full 0):
 garbage-first heap   total 310272K, used 238521K [0x0000000080000000, 0x0000000100000000)
  region size 1024K, 2 young (2048K), 2 survivors (2048K)
 Metaspace       used 178074K, capacity 183782K, committed 184112K, reserved 677888K
  class space    used 22031K, capacity 24198K, committed 24288K, reserved 516096K
}
Event: 180.198 GC heap before
{Heap before GC invocations=124 (full 0):
 garbage-first heap   total 310272K, used 265145K [0x0000000080000000, 0x0000000100000000)
  region size 1024K, 29 young (29696K), 2 survivors (2048K)
 Metaspace       used 179378K, capacity 185076K, committed 185264K, reserved 677888K
  class space    used 22151K, capacity 24333K, committed 24416K, reserved 516096K
}
Event: 180.204 GC heap after
{Heap after GC invocations=125 (full 0):
 garbage-first heap   total 310272K, used 239603K [0x0000000080000000, 0x0000000100000000)
  region size 1024K, 3 young (3072K), 3 survivors (3072K)
 Metaspace       used 179378K, capacity 185076K, committed 185264K, reserved 677888K
  class space    used 22151K, capacity 24333K, committed 24416K, reserved 516096K
}
Event: 180.894 GC heap before
{Heap before GC invocations=125 (full 0):
 garbage-first heap   total 310272K, used 268275K [0x0000000080000000, 0x0000000100000000)
  region size 1024K, 31 young (31744K), 3 survivors (3072K)
 Metaspace       used 181324K, capacity 187248K, committed 187568K, reserved 679936K
  class space    used 22360K, capacity 24602K, committed 24672K, reserved 516096K
}
Event: 180.897 GC heap after
{Heap after GC invocations=126 (full 0):
 garbage-first heap   total 310272K, used 240681K [0x0000000080000000, 0x0000000100000000)
  region size 1024K, 3 young (3072K), 3 survivors (3072K)
 Metaspace       used 181324K, capacity 187248K, committed 187568K, reserved 679936K
  class space    used 22360K, capacity 24602K, committed 24672K, reserved 516096K
}
Event: 181.512 GC heap before
{Heap before GC invocations=126 (full 0):
 garbage-first heap   total 310272K, used 269353K [0x0000000080000000, 0x0000000100000000)
  region size 1024K, 31 young (31744K), 3 survivors (3072K)
 Metaspace       used 181738K, capacity 187674K, committed 187824K, reserved 679936K
  class space    used 22382K, capacity 24649K, committed 24672K, reserved 516096K
}
Event: 181.530 GC heap after
{Heap after GC invocations=127 (full 0):
 garbage-first heap   total 310272K, used 241781K [0x0000000080000000, 0x0000000100000000)
  region size 1024K, 3 young (3072K), 3 survivors (3072K)
 Metaspace       used 181738K, capacity 187674K, committed 187824K, reserved 679936K
  class space    used 22382K, capacity 24649K, committed 24672K, reserved 516096K
}
Event: 182.315 GC heap before
{Heap before GC invocations=128 (full 0):
 garbage-first heap   total 310272K, used 269429K [0x0000000080000000, 0x0000000100000000)
  region size 1024K, 31 young (31744K), 3 survivors (3072K)
 Metaspace       used 181763K, capacity 187625K, committed 188080K, reserved 679936K
  class space    used 22352K, capacity 24563K, committed 24672K, reserved 516096K
}
Event: 182.320 GC heap after
{Heap after GC invocations=129 (full 0):
 garbage-first heap   total 310272K, used 244212K [0x0000000080000000, 0x0000000100000000)
  region size 1024K, 4 young (4096K), 4 survivors (4096K)
 Metaspace       used 181763K, capacity 187625K, committed 188080K, reserved 679936K
  class space    used 22352K, capacity 24563K, committed 24672K, reserved 516096K
}
Event: 182.392 GC heap before
{Heap before GC invocations=129 (full 0):
 garbage-first heap   total 310272K, used 254452K [0x0000000080000000, 0x0000000100000000)
  region size 1024K, 15 young (15360K), 4 survivors (4096K)
 Metaspace       used 181787K, capacity 187655K, committed 188080K, reserved 679936K
  class space    used 22357K, capacity 24573K, committed 24672K, reserved 516096K
}
Event: 182.403 GC heap after
{Heap after GC invocations=130 (full 0):
 garbage-first heap   total 310272K, used 242742K [0x0000000080000000, 0x0000000100000000)
  region size 1024K, 2 young (2048K), 2 survivors (2048K)
 Metaspace       used 181787K, capacity 187655K, committed 188080K, reserved 679936K
  class space    used 22357K, capacity 24573K, committed 24672K, reserved 516096K
}
Event: 182.651 GC heap before
{Heap before GC invocations=130 (full 0):
 garbage-first heap   total 310272K, used 268342K [0x0000000080000000, 0x0000000100000000)
  region size 1024K, 28 young (28672K), 2 survivors (2048K)
 Metaspace       used 181824K, capacity 187655K, committed 188080K, reserved 679936K
  class space    used 22360K, capacity 24573K, committed 24672K, reserved 516096K
}
Event: 182.661 GC heap after
{Heap after GC invocations=131 (full 0):
 garbage-first heap   total 310272K, used 246281K [0x0000000080000000, 0x0000000100000000)
  region size 1024K, 4 young (4096K), 4 survivors (4096K)
 Metaspace       used 181824K, capacity 187655K, committed 188080K, reserved 679936K
  class space    used 22360K, capacity 24573K, committed 24672K, reserved 516096K
}
Event: 182.785 GC heap before
{Heap before GC invocations=131 (full 0):
 garbage-first heap   total 310272K, used 268809K [0x0000000080000000, 0x0000000100000000)
  region size 1024K, 27 young (27648K), 4 survivors (4096K)
 Metaspace       used 181875K, capacity 187723K, committed 188080K, reserved 679936K
  class space    used 22366K, capacity 24573K, committed 24672K, reserved 516096K
}
Event: 182.796 GC heap after
{Heap after GC invocations=132 (full 0):
 garbage-first heap   total 310272K, used 249551K [0x0000000080000000, 0x0000000100000000)
  region size 1024K, 4 young (4096K), 4 survivors (4096K)
 Metaspace       used 181875K, capacity 187723K, committed 188080K, reserved 679936K
  class space    used 22366K, capacity 24573K, committed 24672K, reserved 516096K
}
Event: 182.877 GC heap before
{Heap before GC invocations=132 (full 0):
 garbage-first heap   total 310272K, used 270031K [0x0000000080000000, 0x0000000100000000)
  region size 1024K, 24 young (24576K), 4 survivors (4096K)
 Metaspace       used 181909K, capacity 187733K, committed 188080K, reserved 679936K
  class space    used 22366K, capacity 24573K, committed 24672K, reserved 516096K
}

