# JRE version: OpenJDK Runtime Environment Microsoft-7208460 (11.0.18+10) (build 11.0.18+10-LTS)
# Java VM: OpenJDK 64-Bit Server VM Microsoft-7208460 (11.0.18+10-LTS, mixed mode, tiered, compressed oops, g1 gc, windows-amd64)
Heap:
 garbage-first heap   total 372736K, used 267444K [0x0000000080000000, 0x0000000100000000)
  region size 1024K, 2 young (2048K), 2 survivors (2048K)
 Metaspace       used 173913K, capacity 179314K, committed 179592K, reserved 671744K
  class space    used 22289K, capacity 24370K, committed 24448K, reserved 516096K
GC Heap History (20 events):
Event: 818.857 GC heap after
{Heap after GC invocations=57 (full 0):
 garbage-first heap   total 310272K, used 259059K [0x0000000080000000, 0x0000000100000000)
  region size 1024K, 3 young (3072K), 3 survivors (3072K)
 Metaspace       used 170120K, capacity 175495K, committed 175624K, reserved 669696K
  class space    used 21777K, capacity 23795K, committed 23808K, reserved 516096K
}
Event: 818.934 GC heap before
{Heap before GC invocations=57 (full 0):
 garbage-first heap   total 310272K, used 270323K [0x0000000080000000, 0x0000000100000000)
  region size 1024K, 15 young (15360K), 3 survivors (3072K)
 Metaspace       used 170133K, capacity 175497K, committed 175624K, reserved 669696K
  class space    used 21777K, capacity 23795K, committed 23808K, reserved 516096K
}
Event: 818.936 GC heap after
{Heap after GC invocations=58 (full 0):
 garbage-first heap   total 310272K, used 259306K [0x0000000080000000, 0x0000000100000000)
  region size 1024K, 1 young (1024K), 1 survivors (1024K)
 Metaspace       used 170133K, capacity 175497K, committed 175624K, reserved 669696K
  class space    used 21777K, capacity 23795K, committed 23808K, reserved 516096K
}
Event: 819.046 GC heap before
{Heap before GC invocations=58 (full 0):
 garbage-first heap   total 310272K, used 272618K [0x0000000080000000, 0x0000000100000000)
  region size 1024K, 15 young (15360K), 1 survivors (1024K)
 Metaspace       used 170221K, capacity 175528K, committed 175624K, reserved 669696K
  class space    used 21784K, capacity 23800K, committed 23808K, reserved 516096K
}
Event: 819.048 GC heap after
{Heap after GC invocations=59 (full 0):
 garbage-first heap   total 310272K, used 259708K [0x0000000080000000, 0x0000000100000000)
  region size 1024K, 1 young (1024K), 1 survivors (1024K)
 Metaspace       used 170221K, capacity 175528K, committed 175624K, reserved 669696K
  class space    used 21784K, capacity 23800K, committed 23808K, reserved 516096K
}
Event: 819.127 GC heap before
{Heap before GC invocations=59 (full 0):
 garbage-first heap   total 310272K, used 273020K [0x0000000080000000, 0x0000000100000000)
  region size 1024K, 15 young (15360K), 1 survivors (1024K)
 Metaspace       used 170268K, capacity 175557K, committed 175624K, reserved 669696K
  class space    used 21788K, capacity 23807K, committed 23808K, reserved 516096K
}
Event: 819.130 GC heap after
{Heap after GC invocations=60 (full 0):
 garbage-first heap   total 310272K, used 259909K [0x0000000080000000, 0x0000000100000000)
  region size 1024K, 2 young (2048K), 2 survivors (2048K)
 Metaspace       used 170268K, capacity 175557K, committed 175624K, reserved 669696K
  class space    used 21788K, capacity 23807K, committed 23808K, reserved 516096K
}
Event: 819.182 GC heap before
{Heap before GC invocations=60 (full 0):
 garbage-first heap   total 310272K, used 272197K [0x0000000080000000, 0x0000000100000000)
  region size 1024K, 15 young (15360K), 2 survivors (2048K)
 Metaspace       used 170305K, capacity 175638K, committed 176008K, reserved 669696K
  class space    used 21792K, capacity 23811K, committed 23936K, reserved 516096K
}
Event: 819.184 GC heap after
{Heap after GC invocations=61 (full 0):
 garbage-first heap   total 310272K, used 260369K [0x0000000080000000, 0x0000000100000000)
  region size 1024K, 2 young (2048K), 2 survivors (2048K)
 Metaspace       used 170305K, capacity 175638K, committed 176008K, reserved 669696K
  class space    used 21792K, capacity 23811K, committed 23936K, reserved 516096K
}
Event: 819.245 GC heap before
{Heap before GC invocations=61 (full 0):
 garbage-first heap   total 310272K, used 272657K [0x0000000080000000, 0x0000000100000000)
  region size 1024K, 15 young (15360K), 2 survivors (2048K)
 Metaspace       used 170367K, capacity 175785K, committed 176008K, reserved 669696K
  class space    used 21798K, capacity 23852K, committed 23936K, reserved 516096K
}
Event: 819.248 GC heap after
{Heap after GC invocations=62 (full 0):
 garbage-first heap   total 310272K, used 260832K [0x0000000080000000, 0x0000000100000000)
  region size 1024K, 2 young (2048K), 2 survivors (2048K)
 Metaspace       used 170367K, capacity 175785K, committed 176008K, reserved 669696K
  class space    used 21798K, capacity 23852K, committed 23936K, reserved 516096K
}
Event: 819.335 GC heap before
{Heap before GC invocations=62 (full 0):
 garbage-first heap   total 310272K, used 273120K [0x0000000080000000, 0x0000000100000000)
  region size 1024K, 15 young (15360K), 2 survivors (2048K)
 Metaspace       used 170695K, capacity 176073K, committed 176264K, reserved 669696K
  class space    used 21850K, capacity 23884K, committed 23936K, reserved 516096K
}
Event: 819.338 GC heap after
{Heap after GC invocations=63 (full 0):
 garbage-first heap   total 310272K, used 261946K [0x0000000080000000, 0x0000000100000000)
  region size 1024K, 2 young (2048K), 2 survivors (2048K)
 Metaspace       used 170695K, capacity 176073K, committed 176264K, reserved 669696K
  class space    used 21850K, capacity 23884K, committed 23936K, reserved 516096K
}
Event: 819.511 GC heap before
{Heap before GC invocations=63 (full 0):
 garbage-first heap   total 310272K, used 275258K [0x0000000080000000, 0x0000000100000000)
  region size 1024K, 15 young (15360K), 2 survivors (2048K)
 Metaspace       used 171071K, capacity 176467K, committed 176520K, reserved 669696K
  class space    used 21892K, capacity 23927K, committed 23936K, reserved 516096K
}
Event: 819.515 GC heap after
{Heap after GC invocations=64 (full 0):
 garbage-first heap   total 310272K, used 263600K [0x0000000080000000, 0x0000000100000000)
  region size 1024K, 2 young (2048K), 2 survivors (2048K)
 Metaspace       used 171071K, capacity 176467K, committed 176520K, reserved 669696K
  class space    used 21892K, capacity 23927K, committed 23936K, reserved 516096K
}
Event: 819.680 GC heap before
{Heap before GC invocations=64 (full 0):
 garbage-first heap   total 310272K, used 275888K [0x0000000080000000, 0x0000000100000000)
  region size 1024K, 15 young (15360K), 2 survivors (2048K)
 Metaspace       used 171817K, capacity 177220K, committed 177416K, reserved 669696K
  class space    used 21989K, capacity 24037K, committed 24064K, reserved 516096K
}
Event: 819.683 GC heap after
{Heap after GC invocations=65 (full 0):
 garbage-first heap   total 310272K, used 264163K [0x0000000080000000, 0x0000000100000000)
  region size 1024K, 1 young (1024K), 1 survivors (1024K)
 Metaspace       used 171817K, capacity 177220K, committed 177416K, reserved 669696K
  class space    used 21989K, capacity 24037K, committed 24064K, reserved 516096K
}
Event: 819.744 GC heap before
{Heap before GC invocations=65 (full 0):
 garbage-first heap   total 310272K, used 278499K [0x0000000080000000, 0x0000000100000000)
  region size 1024K, 15 young (15360K), 1 survivors (1024K)
 Metaspace       used 172201K, capacity 177572K, committed 177800K, reserved 671744K
  class space    used 22052K, capacity 24069K, committed 24192K, reserved 516096K
}
Event: 819.746 GC heap after
{Heap after GC invocations=66 (full 0):
 garbage-first heap   total 310272K, used 265860K [0x0000000080000000, 0x0000000100000000)
  region size 1024K, 2 young (2048K), 2 survivors (2048K)
 Metaspace       used 172201K, capacity 177572K, committed 177800K, reserved 671744K
  class space    used 22052K, capacity 24069K, committed 24192K, reserved 516096K
}
Event: 820.194 GC heap before
{Heap before GC invocations=66 (full 0):
 garbage-first heap   total 310272K, used 281220K [0x0000000080000000, 0x0000000100000000)
  region size 1024K, 15 young (15360K), 2 survivors (2048K)
 Metaspace       used 173913K, capacity 179314K, committed 179592K, reserved 671744K
  class space    used 22289K, capacity 24370K, committed 24448K, reserved 516096K
}

