# JRE version: OpenJDK Runtime Environment Microsoft-7208460 (11.0.18+10) (build 11.0.18+10-LTS)
# Java VM: OpenJDK 64-Bit Server VM Microsoft-7208460 (11.0.18+10-LTS, mixed mode, tiered, compressed oops, g1 gc, windows-amd64)
Heap:
 garbage-first heap   total 310272K, used 231849K [0x0000000080000000, 0x0000000100000000)
  region size 1024K, 6 young (6144K), 4 survivors (4096K)
 Metaspace       used 161852K, capacity 167633K, committed 167736K, reserved 661504K
  class space    used 20529K, capacity 22762K, committed 22832K, reserved 516096K
GC Heap History (20 events):
Event: 136.606 GC heap before
{Heap before GC invocations=82 (full 0):
 garbage-first heap   total 310272K, used 267983K [0x0000000080000000, 0x0000000100000000)
  region size 1024K, 46 young (47104K), 4 survivors (4096K)
 Metaspace       used 159067K, capacity 164613K, committed 164792K, reserved 659456K
  class space    used 20255K, capacity 22412K, committed 22448K, reserved 516096K
}
Event: 136.610 GC heap after
{Heap after GC invocations=83 (full 0):
 garbage-first heap   total 310272K, used 224302K [0x0000000080000000, 0x0000000100000000)
  region size 1024K, 3 young (3072K), 3 survivors (3072K)
 Metaspace       used 159067K, capacity 164613K, committed 164792K, reserved 659456K
  class space    used 20255K, capacity 22412K, committed 22448K, reserved 516096K
}
Event: 136.838 GC heap before
{Heap before GC invocations=83 (full 0):
 garbage-first heap   total 310272K, used 269358K [0x0000000080000000, 0x0000000100000000)
  region size 1024K, 47 young (48128K), 3 survivors (3072K)
 Metaspace       used 159124K, capacity 164661K, committed 164920K, reserved 659456K
  class space    used 20271K, capacity 22448K, committed 22576K, reserved 516096K
}
Event: 136.842 GC heap after
{Heap after GC invocations=84 (full 0):
 garbage-first heap   total 310272K, used 224164K [0x0000000080000000, 0x0000000100000000)
  region size 1024K, 3 young (3072K), 3 survivors (3072K)
 Metaspace       used 159124K, capacity 164661K, committed 164920K, reserved 659456K
  class space    used 20271K, capacity 22448K, committed 22576K, reserved 516096K
}
Event: 137.346 GC heap before
{Heap before GC invocations=84 (full 0):
 garbage-first heap   total 310272K, used 270244K [0x0000000080000000, 0x0000000100000000)
  region size 1024K, 48 young (49152K), 3 survivors (3072K)
 Metaspace       used 159230K, capacity 164741K, committed 164920K, reserved 659456K
  class space    used 20290K, capacity 22449K, committed 22576K, reserved 516096K
}
Event: 137.351 GC heap after
{Heap after GC invocations=85 (full 0):
 garbage-first heap   total 310272K, used 224144K [0x0000000080000000, 0x0000000100000000)
  region size 1024K, 3 young (3072K), 3 survivors (3072K)
 Metaspace       used 159230K, capacity 164741K, committed 164920K, reserved 659456K
  class space    used 20290K, capacity 22449K, committed 22576K, reserved 516096K
}
Event: 138.020 GC heap before
{Heap before GC invocations=85 (full 0):
 garbage-first heap   total 310272K, used 271248K [0x0000000080000000, 0x0000000100000000)
  region size 1024K, 49 young (50176K), 3 survivors (3072K)
 Metaspace       used 159298K, capacity 164863K, committed 165176K, reserved 659456K
  class space    used 20298K, capacity 22488K, committed 22576K, reserved 516096K
}
Event: 138.026 GC heap after
{Heap after GC invocations=86 (full 0):
 garbage-first heap   total 310272K, used 225226K [0x0000000080000000, 0x0000000100000000)
  region size 1024K, 4 young (4096K), 4 survivors (4096K)
 Metaspace       used 159298K, capacity 164863K, committed 165176K, reserved 659456K
  class space    used 20298K, capacity 22488K, committed 22576K, reserved 516096K
}
Event: 138.727 GC heap before
{Heap before GC invocations=86 (full 0):
 garbage-first heap   total 310272K, used 272330K [0x0000000080000000, 0x0000000100000000)
  region size 1024K, 50 young (51200K), 4 survivors (4096K)
 Metaspace       used 159356K, capacity 164936K, committed 165176K, reserved 659456K
  class space    used 20299K, capacity 22489K, committed 22576K, reserved 516096K
}
Event: 138.732 GC heap after
{Heap after GC invocations=87 (full 0):
 garbage-first heap   total 310272K, used 224897K [0x0000000080000000, 0x0000000100000000)
  region size 1024K, 3 young (3072K), 3 survivors (3072K)
 Metaspace       used 159356K, capacity 164936K, committed 165176K, reserved 659456K
  class space    used 20299K, capacity 22489K, committed 22576K, reserved 516096K
}
Event: 139.477 GC heap before
{Heap before GC invocations=87 (full 0):
 garbage-first heap   total 310272K, used 273025K [0x0000000080000000, 0x0000000100000000)
  region size 1024K, 50 young (51200K), 3 survivors (3072K)
 Metaspace       used 159409K, capacity 164962K, committed 165176K, reserved 659456K
  class space    used 20302K, capacity 22494K, committed 22576K, reserved 516096K
}
Event: 139.482 GC heap after
{Heap after GC invocations=88 (full 0):
 garbage-first heap   total 310272K, used 224860K [0x0000000080000000, 0x0000000100000000)
  region size 1024K, 3 young (3072K), 3 survivors (3072K)
 Metaspace       used 159409K, capacity 164962K, committed 165176K, reserved 659456K
  class space    used 20302K, capacity 22494K, committed 22576K, reserved 516096K
}
Event: 144.296 GC heap before
{Heap before GC invocations=88 (full 0):
 garbage-first heap   total 310272K, used 276060K [0x0000000080000000, 0x0000000100000000)
  region size 1024K, 50 young (51200K), 3 survivors (3072K)
 Metaspace       used 159786K, capacity 165433K, committed 165688K, reserved 659456K
  class space    used 20318K, capacity 22507K, committed 22576K, reserved 516096K
}
Event: 144.301 GC heap after
{Heap after GC invocations=89 (full 0):
 garbage-first heap   total 310272K, used 222830K [0x0000000080000000, 0x0000000100000000)
  region size 1024K, 3 young (3072K), 3 survivors (3072K)
 Metaspace       used 159786K, capacity 165433K, committed 165688K, reserved 659456K
  class space    used 20318K, capacity 22507K, committed 22576K, reserved 516096K
}
Event: 145.023 GC heap before
{Heap before GC invocations=89 (full 0):
 garbage-first heap   total 310272K, used 279150K [0x0000000080000000, 0x0000000100000000)
  region size 1024K, 51 young (52224K), 3 survivors (3072K)
 Metaspace       used 160480K, capacity 166218K, committed 166584K, reserved 661504K
  class space    used 20381K, capacity 22577K, committed 22704K, reserved 516096K
}
Event: 145.030 GC heap after
{Heap after GC invocations=90 (full 0):
 garbage-first heap   total 310272K, used 229068K [0x0000000080000000, 0x0000000100000000)
  region size 1024K, 6 young (6144K), 6 survivors (6144K)
 Metaspace       used 160480K, capacity 166218K, committed 166584K, reserved 661504K
  class space    used 20381K, capacity 22577K, committed 22704K, reserved 516096K
}
Event: 145.219 GC heap before
{Heap before GC invocations=90 (full 0):
 garbage-first heap   total 310272K, used 270028K [0x0000000080000000, 0x0000000100000000)
  region size 1024K, 47 young (48128K), 6 survivors (6144K)
 Metaspace       used 160564K, capacity 166291K, committed 166584K, reserved 661504K
  class space    used 20387K, capacity 22577K, committed 22704K, reserved 516096K
}
Event: 145.228 GC heap after
{Heap after GC invocations=91 (full 0):
 garbage-first heap   total 310272K, used 231618K [0x0000000080000000, 0x0000000100000000)
  region size 1024K, 6 young (6144K), 6 survivors (6144K)
 Metaspace       used 160564K, capacity 166291K, committed 166584K, reserved 661504K
  class space    used 20387K, capacity 22577K, committed 22704K, reserved 516096K
}
Event: 149.233 GC heap before
{Heap before GC invocations=91 (full 0):
 garbage-first heap   total 310272K, used 268482K [0x0000000080000000, 0x0000000100000000)
  region size 1024K, 43 young (44032K), 6 survivors (6144K)
 Metaspace       used 161842K, capacity 167631K, committed 167736K, reserved 661504K
  class space    used 20528K, capacity 22762K, committed 22832K, reserved 516096K
}
Event: 149.238 GC heap after
{Heap after GC invocations=92 (full 0):
 garbage-first heap   total 310272K, used 230825K [0x0000000080000000, 0x0000000100000000)
  region size 1024K, 4 young (4096K), 4 survivors (4096K)
 Metaspace       used 161842K, capacity 167631K, committed 167736K, reserved 661504K
  class space    used 20528K, capacity 22762K, committed 22832K, reserved 516096K
}

